1487869188403	geckodriver	INFO	Listening on 127.0.0.1:63581
1487869190529	mozprofile::profile	INFO	Using profile path C:\Users\Brad\AppData\Local\Temp\rust_mozprofile.Simv8tbWo5TS
1487869190536	geckodriver::marionette	INFO	Starting browser C:\Program Files (x86)\Mozilla Firefox\firefox.exe
1487869190564	geckodriver::marionette	INFO	Connecting to Marionette on localhost:63587
1487869192304	Marionette	INFO	Listening on port 63587
[Child 19876] WARNING: pipe error: 109: file c:/builds/moz2_slave/m-rel-w32-00000000000000000000/build/src/ipc/chromium/src/chrome/common/ipc_channel_win.cc, line 346
1487870341766	geckodriver	INFO	Listening on 127.0.0.1:63721
1487870343924	mozprofile::profile	INFO	Using profile path C:\Users\Brad\AppData\Local\Temp\rust_mozprofile.Sw8oKsG6pXkF
1487870343931	geckodriver::marionette	INFO	Starting browser C:\Program Files (x86)\Mozilla Firefox\firefox.exe
1487870343947	geckodriver::marionette	INFO	Connecting to Marionette on localhost:63727
1487870345454	Marionette	INFO	Listening on port 63727
[Child 15808] WARNING: pipe error: 109: file c:/builds/moz2_slave/m-rel-w32-00000000000000000000/build/src/ipc/chromium/src/chrome/common/ipc_channel_win.cc, line 346
[Child 15808] WARNING: pipe error: 109: file c:/builds/moz2_slave/m-rel-w32-00000000000000000000/build/src/ipc/chromium/src/chrome/common/ipc_channel_win.cc, line 346
1487871154353	geckodriver	INFO	Listening on 127.0.0.1:63782
1487871156388	mozprofile::profile	INFO	Using profile path C:\Users\Brad\AppData\Local\Temp\rust_mozprofile.qdJ6GWmWCdup
1487871156398	geckodriver::marionette	INFO	Starting browser C:\Program Files (x86)\Mozilla Firefox\firefox.exe
1487871156410	geckodriver::marionette	INFO	Connecting to Marionette on localhost:63788
1487871158789	Marionette	INFO	Listening on port 63788
1487871382389	geckodriver	INFO	Listening on 127.0.0.1:63827
1487871384480	mozprofile::profile	INFO	Using profile path C:\Users\Brad\AppData\Local\Temp\rust_mozprofile.YRIBH27XFkqP
1487871384484	geckodriver::marionette	INFO	Starting browser C:\Program Files (x86)\Mozilla Firefox\firefox.exe
1487871384492	geckodriver::marionette	INFO	Connecting to Marionette on localhost:63833
1487871385863	Marionette	INFO	Listening on port 63833
[Child 32060] WARNING: pipe error: 109: file c:/builds/moz2_slave/m-rel-w32-00000000000000000000/build/src/ipc/chromium/src/chrome/common/ipc_channel_win.cc, line 346
[Child 32060] WARNING: pipe error: 109: file c:/builds/moz2_slave/m-rel-w32-00000000000000000000/build/src/ipc/chromium/src/chrome/common/ipc_channel_win.cc, line 346
1487881943958	geckodriver	INFO	Listening on 127.0.0.1:49995
1487881945711	mozprofile::profile	INFO	Using profile path C:\Users\Brad\AppData\Local\Temp\rust_mozprofile.zVIxYGHWj3yG
1487881945717	geckodriver::marionette	INFO	Starting browser C:\Program Files (x86)\Mozilla Firefox\firefox.exe
1487881945756	geckodriver::marionette	INFO	Connecting to Marionette on localhost:50001
1487881949293	Marionette	INFO	Listening on port 50001
*************************
A coding exception was thrown and uncaught in a Task.

Full message: TypeError: NetworkError when attempting to fetch resource.
Full stack: 
*************************
driver::marionette	INFO	Starting browser C:\Program Files (x86)\Mozilla Firefox\firefox.exe
1487882044006	geckodriver::marionette	INFO	Connecting to Marionette on localhost:50068
1487882047211	Marionette	INFO	Listening on port 50068
*************************
A coding exception was thrown and uncaught in a Task.

Full message: TypeError: NetworkError when attempting to fetch resource.
Full stack: 
*************************
driver::marionette	INFO	Starting browser C:\Program Files (x86)\Mozilla Firefox\firefox.exe
1487882135075	geckodriver::marionette	INFO	Connecting to Marionette on localhost:50122
1487882137863	Marionette	INFO	Listening on port 50122
*************************
A coding exception was thrown and uncaught in a Task.

Full message: TypeError: NetworkError when attempting to fetch resource.
Full stack: 
*************************
